<?xml version="1.0" encoding="UTF-8"?>
<!-- Generated by org.testng.reporters.JUnitReportReporter -->
<testsuite skipped="0" hostname="mohammads-MBP.home" name="hashmaps.TestHashMaps" tests="2" failures="0" timestamp="2020-04-28T01:11:38 EDT" time="13.987" errors="0">
  <testcase name="loginWithMjayUserTest" time="9.289" classname="hashmaps.TestHashMaps"/>
  <system-out/>
  <testcase name="loginWithNaveenUserTest" time="4.698" classname="hashmaps.TestHashMaps"/>
  <system-out/>
</testsuite> <!-- hashmaps.TestHashMaps -->
