<?xml version="1.0" encoding="UTF-8"?>
<!-- Generated by org.testng.reporters.JUnitReportReporter -->
<testsuite skipped="0" hostname="mohammads-MBP.home" name="com.Test.TestNGBasics" tests="3" failures="0" timestamp="2020-04-16T01:24:58 EDT" time="0.004" errors="0">
  <testcase name="googleLogoTest" time="0.001" classname="com.Test.TestNGBasics"/>
  <system-out/>
  <testcase name="googleTitleTest" time="0.002" classname="com.Test.TestNGBasics"/>
  <system-out/>
  <testcase name="searchTest" time="0.001" classname="com.Test.TestNGBasics"/>
  <system-out/>
</testsuite> <!-- com.Test.TestNGBasics -->
