<?xml version="1.0" encoding="UTF-8"?>
<!-- Generated by org.testng.reporters.JUnitReportReporter -->
<testsuite skipped="0" hostname="mohammads-MBP.home" name="com.qa.parameters.ParameterTest" tests="1" failures="0" timestamp="2020-04-24T17:07:36 EDT" time="3.024" errors="0">
  <testcase name="yahooLoginTest" time="3.024" classname="com.qa.parameters.ParameterTest"/>
  <system-out/>
</testsuite> <!-- com.qa.parameters.ParameterTest -->
