<?xml version="1.0" encoding="UTF-8"?>
<!-- Generated by org.testng.reporters.JUnitReportReporter -->
<testsuite skipped="0" hostname="mohammads-MBP.home" name="com.Test.TestNGFeatures" tests="4" failures="0" timestamp="2020-04-16T01:24:58 EDT" time="0.004" errors="0">
  <testcase name="searchPageTest" time="0.001" classname="com.Test.TestNGFeatures"/>
  <system-out/>
  <testcase name="homePageTest" time="0.001" classname="com.Test.TestNGFeatures"/>
  <system-out/>
  <testcase name="regPageTest" time="0.001" classname="com.Test.TestNGFeatures"/>
  <system-out/>
  <testcase name="loginTest" time="0.001" classname="com.Test.TestNGFeatures"/>
  <system-out/>
</testsuite> <!-- com.Test.TestNGFeatures -->
