<?xml version="1.0" encoding="UTF-8"?>
<!-- Generated by org.testng.reporters.JUnitReportReporter -->
<testsuite skipped="0" hostname="mohammads-MBP.home" name="com.Test.ExceptionTImeOutTest" tests="1" failures="0" timestamp="2020-04-16T01:24:58 EDT" time="0.005" errors="0">
  <testcase name="test1" time="0.005" classname="com.Test.ExceptionTImeOutTest"/>
  <system-out/>
</testsuite> <!-- com.Test.ExceptionTImeOutTest -->
