<?xml version="1.0" encoding="UTF-8"?>
<!-- Generated by org.testng.reporters.JUnitReportReporter -->
<testsuite skipped="0" hostname="mohammads-MBP.home" name="com.Test.InvocationCountTest" tests="10" failures="0" timestamp="2020-04-16T17:51:30 EDT" time="0.017" errors="0">
  <testcase name="sum" time="0.001" classname="com.Test.InvocationCountTest"/>
  <system-out/>
  <testcase name="sum" time="0.001" classname="com.Test.InvocationCountTest"/>
  <system-out/>
  <testcase name="sum" time="0.001" classname="com.Test.InvocationCountTest"/>
  <system-out/>
  <testcase name="sum" time="0.009" classname="com.Test.InvocationCountTest"/>
  <system-out/>
  <testcase name="sum" time="0.001" classname="com.Test.InvocationCountTest"/>
  <system-out/>
  <testcase name="sum" time="0.000" classname="com.Test.InvocationCountTest"/>
  <system-out/>
  <testcase name="sum" time="0.001" classname="com.Test.InvocationCountTest"/>
  <system-out/>
  <testcase name="sum" time="0.001" classname="com.Test.InvocationCountTest"/>
  <system-out/>
  <testcase name="sum" time="0.001" classname="com.Test.InvocationCountTest"/>
  <system-out/>
  <testcase name="sum" time="0.001" classname="com.Test.InvocationCountTest"/>
  <system-out/>
</testsuite> <!-- com.Test.InvocationCountTest -->
